# JRE version: Java(TM) SE Runtime Environment (8.0_112-b15) (build 1.8.0_112-b15)
# Java VM: Java HotSpot(TM) 64-Bit Server VM (25.112-b15 mixed mode windows-amd64 compressed oops)
Heap:
 PSYoungGen      total 76288K, used 48802K [0x000000076b300000, 0x0000000770800000, 0x00000007c0000000)
  eden space 65536K, 58% used [0x000000076b300000,0x000000076d828800,0x000000076f300000)
  from space 10752K, 100% used [0x000000076f300000,0x000000076fd80000,0x000000076fd80000)
  to   space 10752K, 0% used [0x000000076fd80000,0x000000076fd80000,0x0000000770800000)
 ParOldGen       total 175104K, used 3999K [0x00000006c1800000, 0x00000006cc300000, 0x000000076b300000)
  object space 175104K, 2% used [0x00000006c1800000,0x00000006c1be7ce0,0x00000006cc300000)
 Metaspace       used 9544K, capacity 10292K, committed 10496K, reserved 1058816K
  class space    used 1031K, capacity 1160K, committed 1280K, reserved 1048576K
GC Heap History (6 events):
Event: 62.471 GC heap before
{Heap before GC invocations=1 (full 0):
 PSYoungGen      total 76288K, used 65536K [0x000000076b300000, 0x0000000770800000, 0x00000007c0000000)
  eden space 65536K, 100% used [0x000000076b300000,0x000000076f300000,0x000000076f300000)
  from space 10752K, 0% used [0x000000076fd80000,0x000000076fd80000,0x0000000770800000)
  to   space 10752K, 0% used [0x000000076f300000,0x000000076f300000,0x000000076fd80000)
 ParOldGen       total 175104K, used 0K [0x00000006c1800000, 0x00000006cc300000, 0x000000076b300000)
  object space 175104K, 0% used [0x00000006c1800000,0x00000006c1800000,0x00000006cc300000)
 Metaspace       used 6836K, capacity 6928K, committed 7040K, reserved 1056768K
  class space    used 782K, capacity 816K, committed 896K, reserved 1048576K
Event: 62.473 GC heap after
Heap after GC invocations=1 (full 0):
 PSYoungGen      total 76288K, used 2580K [0x000000076b300000, 0x0000000770800000, 0x00000007c0000000)
  eden space 65536K, 0% used [0x000000076b300000,0x000000076b300000,0x000000076f300000)
  from space 10752K, 23% used [0x000000076f300000,0x000000076f5850b8,0x000000076fd80000)
  to   space 10752K, 0% used [0x000000076fd80000,0x000000076fd80000,0x0000000770800000)
 ParOldGen       total 175104K, used 8K [0x00000006c1800000, 0x00000006cc300000, 0x000000076b300000)
  object space 175104K, 0% used [0x00000006c1800000,0x00000006c1802000,0x00000006cc300000)
 Metaspace       used 6836K, capacity 6928K, committed 7040K, reserved 1056768K
  class space    used 782K, capacity 816K, committed 896K, reserved 1048576K
}
Event: 63.029 GC heap before
{Heap before GC invocations=2 (full 0):
 PSYoungGen      total 76288K, used 68116K [0x000000076b300000, 0x0000000770800000, 0x00000007c0000000)
  eden space 65536K, 100% used [0x000000076b300000,0x000000076f300000,0x000000076f300000)
  from space 10752K, 23% used [0x000000076f300000,0x000000076f5850b8,0x000000076fd80000)
  to   space 10752K, 0% used [0x000000076fd80000,0x000000076fd80000,0x0000000770800000)
 ParOldGen       total 175104K, used 8K [0x00000006c1800000, 0x00000006cc300000, 0x000000076b300000)
  object space 175104K, 0% used [0x00000006c1800000,0x00000006c1802000,0x00000006cc300000)
 Metaspace       used 6950K, capacity 7056K, committed 7296K, reserved 1056768K
  class space    used 782K, capacity 816K, committed 896K, reserved 1048576K
Event: 63.032 GC heap after
Heap after GC invocations=2 (full 0):
 PSYoungGen      total 76288K, used 3560K [0x000000076b300000, 0x0000000770800000, 0x00000007c0000000)
  eden space 65536K, 0% used [0x000000076b300000,0x000000076b300000,0x000000076f300000)
  from space 10752K, 33% used [0x000000076fd80000,0x00000007700fa020,0x0000000770800000)
  to   space 10752K, 0% used [0x000000076f300000,0x000000076f300000,0x000000076fd80000)
 ParOldGen       total 175104K, used 16K [0x00000006c1800000, 0x00000006cc300000, 0x000000076b300000)
  object space 175104K, 0% used [0x00000006c1800000,0x00000006c1804000,0x00000006cc300000)
 Metaspace       used 6950K, capacity 7056K, committed 7296K, reserved 1056768K
  class space    used 782K, capacity 816K, committed 896K, reserved 1048576K
}
Event: 71.514 GC heap before
{Heap before GC invocations=3 (full 0):
 PSYoungGen      total 76288K, used 69096K [0x000000076b300000, 0x0000000770800000, 0x00000007c0000000)
  eden space 65536K, 100% used [0x000000076b300000,0x000000076f300000,0x000000076f300000)
  from space 10752K, 33% used [0x000000076fd80000,0x00000007700fa020,0x0000000770800000)
  to   space 10752K, 0% used [0x000000076f300000,0x000000076f300000,0x000000076fd80000)
 ParOldGen       total 175104K, used 16K [0x00000006c1800000, 0x00000006cc300000, 0x000000076b300000)
  object space 175104K, 0% used [0x00000006c1800000,0x00000006c1804020,0x00000006cc300000)
 Metaspace       used 9395K, capacity 10036K, committed 10240K, reserved 1058816K
  class space    used 1023K, capacity 1160K, committed 1280K, reserved 1048576K
Event: 71.521 GC heap after
Heap after GC invocations=3 (full 0):
 PSYoungGen      total 76288K, used 10752K [0x000000076b300000, 0x0000000770800000, 0x00000007c0000000)
  eden space 65536K, 0% used [0x000000076b300000,0x000000076b300000,0x000000076f300000)
  from space 10752K, 100% used [0x000000076f300000,0x000000076fd80000,0x000000076fd80000)
  to   space 10752K, 0% used [0x000000076fd80000,0x000000076fd80000,0x0000000770800000)
 ParOldGen       total 175104K, used 3999K [0x00000006c1800000, 0x00000006cc300000, 0x000000076b300000)
  object space 175104K, 2% used [0x00000006c1800000,0x00000006c1be7ce0,0x00000006cc300000)
 Metaspace       used 9395K, capacity 10036K, committed 10240K, reserved 1058816K
  class space    used 1023K, capacity 1160K, committed 1280K, reserved 1048576K
}

